
[   132.678] Warning Failed to open protocol names file /usr/lib64/xorg/protocol.txt
[   138.142] Warning Falling back to old probe method for modesetting
[   138.142] Warning Falling back to old probe method for fbdev
[   132.730] Information The server relies on udev to provide the list of input devices.
[   132.730] Information Loader magic: 0x55616272d020
[   132.730] Information Module ABI versions:
[   132.732] Information systemd-logind: logind integration requires -keeptty and -keeptty was not provided, disabling logind integration
[   132.737] Information xfree86: Adding drm device (/dev/dri/card0)
[   132.737] Information Platform probe for /sys/devices/pci0000:00/0000:00:0f.0/drm/card0
[   132.761] Information LoadModule: "glx"
[   132.764] Information Loading /usr/lib64/xorg/modules/extensions/libglx.so
[   132.863] Information Module glx: vendor="X.Org Foundation"
[   132.864] Information LoadModule: "vmware"
[   132.864] Information Loading /usr/lib64/xorg/modules/drivers/vmware_drv.so
[   138.093] Information Module vmware: vendor="X.Org Foundation"
[   138.094] Information LoadModule: "modesetting"
[   138.095] Information Loading /usr/lib64/xorg/modules/drivers/modesetting_drv.so
[   138.134] Information Module modesetting: vendor="X.Org Foundation"
[   138.134] Information LoadModule: "fbdev"
[   138.135] Information Loading /usr/lib64/xorg/modules/drivers/fbdev_drv.so
[   138.136] Information Module fbdev: vendor="X.Org Foundation"
[   138.136] Information LoadModule: "vesa"
[   138.137] Information Loading /usr/lib64/xorg/modules/drivers/vesa_drv.so
[   138.138] Information Module vesa: vendor="X.Org Foundation"
[   138.138] Information vmware: driver for VMware SVGA: vmware0405, vmware0710
[   138.138] Information modesetting: Driver for Modesetting Kernel Drivers: kms
[   138.138] Information FBDEV: driver for framebuffer: fbdev
[   138.138] Information VESA: driver for VESA chipsets: vesa
[   138.142] Information Loading sub module "fbdevhw"
[   138.142] Information LoadModule: "fbdevhw"
[   138.143] Information Loading /usr/lib64/xorg/modules/libfbdevhw.so
[   138.165] Information Module fbdevhw: vendor="X.Org Foundation"
[   138.165] Information vmware(0): Creating default Display subsection in Screen section
[   138.193] Information vmware(0): Output Virtual1 has no monitor section
[   138.193] Information vmware(0): Output Virtual2 has no monitor section
[   138.193] Information vmware(0): Output Virtual3 has no monitor section
[   138.193] Information vmware(0): Output Virtual4 has no monitor section
[   138.194] Information vmware(0): Output Virtual5 has no monitor section
[   138.194] Information vmware(0): Output Virtual6 has no monitor section
[   138.194] Information vmware(0): Output Virtual7 has no monitor section
[   138.194] Information vmware(0): Output Virtual8 has no monitor section
[   138.194] Information vmware(0): Printing probed modes for output Virtual1
[   138.194] Information vmware(0): Modeline "800x600"x60.0   42.75  800 850 900 950  600 650 700 750 -hsync +vsync (45.0 kHz eP)
[   138.194] Information vmware(0): Modeline "2560x1600"x60.0  348.50  2560 2752 3032 3504  1600 1603 1609 1658 -hsync +vsync (99.5 kHz e)
[   138.194] Information vmware(0): Modeline "1920x1440"x60.0  234.00  1920 2048 2256 2600  1440 1441 1444 1500 -hsync +vsync (90.0 kHz e)
[   138.194] Information vmware(0): Modeline "1856x1392"x60.0  218.25  1856 1952 2176 2528  1392 1393 1396 1439 -hsync +vsync (86.3 kHz e)
[   138.194] Information vmware(0): Modeline "1792x1344"x60.0  204.75  1792 1920 2120 2448  1344 1345 1348 1394 -hsync +vsync (83.6 kHz e)
[   138.194] Information vmware(0): Modeline "1920x1200"x59.9  193.25  1920 2056 2256 2592  1200 1203 1209 1245 -hsync +vsync (74.6 kHz e)
[   138.194] Information vmware(0): Modeline "1600x1200"x60.0  162.00  1600 1664 1856 2160  1200 1201 1204 1250 +hsync +vsync (75.0 kHz e)
[   138.194] Information vmware(0): Modeline "1680x1050"x60.0  146.25  1680 1784 1960 2240  1050 1053 1059 1089 -hsync +vsync (65.3 kHz e)
[   138.194] Information vmware(0): Modeline "1400x1050"x60.0  121.75  1400 1488 1632 1864  1050 1053 1057 1089 -hsync +vsync (65.3 kHz e)
[   138.194] Information vmware(0): Modeline "1280x1024"x60.0  108.00  1280 1328 1440 1688  1024 1025 1028 1066 +hsync +vsync (64.0 kHz e)
[   138.194] Information vmware(0): Modeline "1440x900"x59.9  106.50  1440 1520 1672 1904  900 903 909 934 -hsync +vsync (55.9 kHz e)
[   138.194] Information vmware(0): Modeline "1280x960"x60.0  108.00  1280 1376 1488 1800  960 961 964 1000 +hsync +vsync (60.0 kHz e)
[   138.194] Information vmware(0): Modeline "1360x768"x60.0   85.50  1360 1424 1536 1792  768 771 777 795 +hsync +vsync (47.7 kHz e)
[   138.194] Information vmware(0): Modeline "1280x800"x59.8   83.50  1280 1352 1480 1680  800 803 809 831 +hsync -vsync (49.7 kHz e)
[   138.194] Information vmware(0): Modeline "1152x864"x75.0  108.00  1152 1216 1344 1600  864 865 868 900 +hsync +vsync (67.5 kHz e)
[   138.194] Information vmware(0): Modeline "1280x768"x59.9   79.50  1280 1344 1472 1664  768 771 778 798 -hsync +vsync (47.8 kHz e)
[   138.194] Information vmware(0): Modeline "1024x768"x60.0   65.00  1024 1048 1184 1344  768 771 777 806 -hsync -vsync (48.4 kHz e)
[   138.194] Information vmware(0): Modeline "800x600"x60.3   40.00  800 840 968 1056  600 601 605 628 +hsync +vsync (37.9 kHz e)
[   138.194] Information vmware(0): Modeline "640x480"x59.9   25.18  640 656 752 800  480 489 492 525 -hsync -vsync (31.5 kHz e)
[   138.194] Information vmware(0): EDID for output Virtual2
[   138.194] Information vmware(0): EDID for output Virtual3
[   138.194] Information vmware(0): EDID for output Virtual4
[   138.195] Information vmware(0): EDID for output Virtual5
[   138.195] Information vmware(0): EDID for output Virtual6
[   138.195] Information vmware(0): EDID for output Virtual7
[   138.195] Information vmware(0): EDID for output Virtual8
[   138.195] Information vmware(0): Output Virtual1 connected
[   138.195] Information vmware(0): Output Virtual2 disconnected
[   138.195] Information vmware(0): Output Virtual3 disconnected
[   138.195] Information vmware(0): Output Virtual4 disconnected
[   138.195] Information vmware(0): Output Virtual5 disconnected
[   138.195] Information vmware(0): Output Virtual6 disconnected
[   138.195] Information vmware(0): Output Virtual7 disconnected
[   138.195] Information vmware(0): Output Virtual8 disconnected
[   138.195] Information vmware(0): Using exact sizes for initial modes
[   138.195] Information vmware(0): Output Virtual1 using initial mode 800x600 +0+0
[   138.195] Information Loading sub module "fb"
[   138.195] Information LoadModule: "fb"
[   138.196] Information Loading /usr/lib64/xorg/modules/libfb.so
[   138.217] Information Module fb: vendor="X.Org Foundation"
[   138.217] Information Loading sub module "dri2"
[   138.217] Information LoadModule: "dri2"
[   138.217] Information Module "dri2" already built-in
[   138.217] Information UnloadModule: "modesetting"
[   138.217] Information Unloading modesetting
[   138.217] Information UnloadModule: "fbdev"
[   138.217] Information Unloading fbdev
[   138.217] Information UnloadSubModule: "fbdevhw"
[   138.217] Information Unloading fbdevhw
[   138.218] Information UnloadModule: "vesa"
[   138.218] Information Unloading vesa
[   138.270] Information vmware(0): Initialized VMWARE_CTRL extension version 0.2
[   139.053] Information vmware(0): Gallium3D XA version: 2.5.0.
[   139.053] Information vmware(0): Path of drm device is "/dev/dri/card0".
[   139.053] Information vmware(0): [DRI2] Setup complete
[   139.053] Information vmware(0): [DRI2]   DRI driver: vmwgfx
[   139.058] Information Initializing extension Generic Event Extension
[   139.058] Information Initializing extension SHAPE
[   139.058] Information Initializing extension MIT-SHM
[   139.058] Information Initializing extension XInputExtension
[   139.060] Information Initializing extension XTEST
[   139.064] Information Initializing extension BIG-REQUESTS
[   139.064] Information Initializing extension SYNC
[   139.064] Information Initializing extension XKEYBOARD
[   139.064] Information Initializing extension XC-MISC
[   139.064] Information Initializing extension XFIXES
[   139.064] Information Initializing extension RENDER
[   139.064] Information Initializing extension RANDR
[   139.064] Information Initializing extension COMPOSITE
[   139.064] Information Initializing extension DAMAGE
[   139.064] Information Initializing extension MIT-SCREEN-SAVER
[   139.064] Information Initializing extension DOUBLE-BUFFER
[   139.064] Information Initializing extension RECORD
[   139.064] Information Initializing extension DPMS
[   139.064] Information Initializing extension Present
[   139.064] Information Initializing extension DRI3
[   139.064] Information Initializing extension X-Resource
[   139.064] Information Initializing extension XVideo
[   139.064] Information Initializing extension XVideo-MotionCompensation
[   139.064] Information Initializing extension SELinux
[   139.064] Information SELinux: Disabled by boolean
[   139.064] Information Initializing extension GLX
[   140.025] Information AIGLX: Loaded and initialized vmwgfx
[   140.025] Information GLX: Initialized DRI2 GL provider for screen 0
[   140.025] Information Initializing extension XFree86-VidModeExtension
[   140.025] Information Initializing extension XFree86-DGA
[   140.025] Information Initializing extension XFree86-DRI
[   140.025] Information Initializing extension DRI2
[   140.068] Information vmware(0): Setting screen physical size to 211 x 158
[   140.536] Information config/udev: Adding input device Power Button (/dev/input/event0)
[   140.536] Information LoadModule: "libinput"
[   140.537] Information Loading /usr/lib64/xorg/modules/input/libinput_drv.so
[   140.595] Information Module libinput: vendor="X.Org Foundation"
[   140.595] Information Using input driver 'libinput' for 'Power Button'
[   140.643] Information event0  - Power Button: is tagged by udev as: Keyboard
[   140.643] Information event0  - Power Button: device is a keyboard
[   140.643] Information event0  - Power Button: device removed
[   140.643] Information XINPUT: Adding extended input device "Power Button" (type: KEYBOARD, id 6)
[   140.647] Information event0  - Power Button: is tagged by udev as: Keyboard
[   140.647] Information event0  - Power Button: device is a keyboard
[   140.652] Information config/udev: Adding input device VMware VMware Virtual USB Mouse (/dev/input/event4)
[   140.653] Information Using input driver 'libinput' for 'VMware VMware Virtual USB Mouse'
[   140.711] Information event4  - VMware VMware Virtual USB Mouse: is tagged by udev as: Mouse
[   140.712] Information event4  - VMware VMware Virtual USB Mouse: device is a pointer
[   140.712] Information event4  - VMware VMware Virtual USB Mouse: device removed
[   140.852] Information XINPUT: Adding extended input device "VMware VMware Virtual USB Mouse" (type: MOUSE, id 7)
[   140.911] Information event4  - VMware VMware Virtual USB Mouse: is tagged by udev as: Mouse
[   140.911] Information event4  - VMware VMware Virtual USB Mouse: device is a pointer
[   140.914] Information config/udev: Adding input device VMware VMware Virtual USB Mouse (/dev/input/mouse2)
[   140.914] Information No input driver specified, ignoring this device.
[   140.914] Information This device may have been added with another device file.
[   140.916] Information config/udev: Adding input device AT Translated Set 2 keyboard (/dev/input/event1)
[   140.916] Information Using input driver 'libinput' for 'AT Translated Set 2 keyboard'
[   140.919] Information event1  - AT Translated Set 2 keyboard: is tagged by udev as: Keyboard
[   140.919] Information event1  - AT Translated Set 2 keyboard: device is a keyboard
[   140.920] Information event1  - AT Translated Set 2 keyboard: device removed
[   140.920] Information XINPUT: Adding extended input device "AT Translated Set 2 keyboard" (type: KEYBOARD, id 8)
[   140.924] Information event1  - AT Translated Set 2 keyboard: is tagged by udev as: Keyboard
[   140.924] Information event1  - AT Translated Set 2 keyboard: device is a keyboard
[   140.926] Information config/udev: Adding input device VirtualPS/2 VMware VMMouse (/dev/input/event3)
[   140.927] Information Using input driver 'libinput' for 'VirtualPS/2 VMware VMMouse'
[   140.930] Information event3  - VirtualPS/2 VMware VMMouse: is tagged by udev as: Mouse
[   140.931] Information event3  - VirtualPS/2 VMware VMMouse: device is a pointer
[   140.931] Information event3  - VirtualPS/2 VMware VMMouse: device removed
[   140.931] Information XINPUT: Adding extended input device "VirtualPS/2 VMware VMMouse" (type: MOUSE, id 9)
[   140.935] Information event3  - VirtualPS/2 VMware VMMouse: is tagged by udev as: Mouse
[   140.935] Information event3  - VirtualPS/2 VMware VMMouse: device is a pointer
[   140.937] Information config/udev: Adding input device VirtualPS/2 VMware VMMouse (/dev/input/mouse1)
[   140.937] Information No input driver specified, ignoring this device.
[   140.937] Information This device may have been added with another device file.
[   140.938] Information config/udev: Adding input device VirtualPS/2 VMware VMMouse (/dev/input/event2)
[   140.938] Information Using input driver 'libinput' for 'VirtualPS/2 VMware VMMouse'
[   140.942] Information event2  - VirtualPS/2 VMware VMMouse: is tagged by udev as: Mouse
[   140.942] Information event2  - VirtualPS/2 VMware VMMouse: device is a pointer
[   140.943] Information event2  - VirtualPS/2 VMware VMMouse: device removed
[   140.943] Information XINPUT: Adding extended input device "VirtualPS/2 VMware VMMouse" (type: MOUSE, id 10)
[   140.946] Information event2  - VirtualPS/2 VMware VMMouse: is tagged by udev as: Mouse
[   140.947] Information event2  - VirtualPS/2 VMware VMMouse: device is a pointer
[   140.948] Information config/udev: Adding input device VirtualPS/2 VMware VMMouse (/dev/input/mouse0)
[   140.948] Information No input driver specified, ignoring this device.
[   140.948] Information This device may have been added with another device file.
[   140.951] Information config/udev: Adding input device PC Speaker (/dev/input/event5)
[   140.951] Information No input driver specified, ignoring this device.
[   140.951] Information This device may have been added with another device file.
[  2313.535] Information config/udev: removing device Power Button
[  2313.555] Information event0  - Power Button: device removed
[  2313.577] Information UnloadModule: "libinput"
[  2313.597] Information config/udev: Adding input device Power Button (/dev/input/event0)
[  2313.597] Information Using input driver 'libinput' for 'Power Button'
[  2313.629] Information event0  - Power Button: is tagged by udev as: Keyboard
[  2313.629] Information event0  - Power Button: device is a keyboard
[  2313.638] Information event0  - Power Button: device removed
[  2313.638] Information XINPUT: Adding extended input device "Power Button" (type: KEYBOARD, id 6)
[  2313.684] Information event0  - Power Button: is tagged by udev as: Keyboard
[  2313.684] Information event0  - Power Button: device is a keyboard
[  2316.305] Information config/udev: Adding input device VMware VMware Virtual USB Mouse (/dev/input/mouse2)
[  2316.305] Information No input driver specified, ignoring this device.
[  2316.305] Information This device may have been added with another device file.
[  2316.337] Information config/udev: removing device VMware VMware Virtual USB Mouse
[  2316.380] Information event4  - VMware VMware Virtual USB Mouse: device removed
[  2316.873] Information UnloadModule: "libinput"
[  2316.874] Information config/udev: Adding input device VMware VMware Virtual USB Mouse (/dev/input/event4)
[  2316.874] Information Using input driver 'libinput' for 'VMware VMware Virtual USB Mouse'
[  2317.029] Information event4  - VMware VMware Virtual USB Mouse: is tagged by udev as: Mouse
[  2317.029] Information event4  - VMware VMware Virtual USB Mouse: device is a pointer
[  2317.067] Information event4  - VMware VMware Virtual USB Mouse: device removed
[  2317.872] Information XINPUT: Adding extended input device "VMware VMware Virtual USB Mouse" (type: MOUSE, id 7)
[  2317.980] Information event4  - VMware VMware Virtual USB Mouse: is tagged by udev as: Mouse
[  2317.980] Information event4  - VMware VMware Virtual USB Mouse: device is a pointer
[  2318.312] Information config/udev: Adding input device VirtualPS/2 VMware VMMouse (/dev/input/mouse1)
[  2318.312] Information No input driver specified, ignoring this device.
[  2318.356] Information This device may have been added with another device file.
[  2318.371] Information config/udev: Adding input device VirtualPS/2 VMware VMMouse (/dev/input/mouse0)
[  2318.371] Information No input driver specified, ignoring this device.
[  2318.371] Information This device may have been added with another device file.
[  2318.397] Information config/udev: removing device VirtualPS/2 VMware VMMouse
[  2318.406] Information event3  - VirtualPS/2 VMware VMMouse: device removed
[  2318.425] Information UnloadModule: "libinput"
[  2318.437] Information config/udev: Adding input device VirtualPS/2 VMware VMMouse (/dev/input/event3)
[  2318.437] Information Using input driver 'libinput' for 'VirtualPS/2 VMware VMMouse'
[  2318.459] Information event3  - VirtualPS/2 VMware VMMouse: is tagged by udev as: Mouse
[  2318.459] Information event3  - VirtualPS/2 VMware VMMouse: device is a pointer
[  2318.462] Information event3  - VirtualPS/2 VMware VMMouse: device removed
[  2318.462] Information XINPUT: Adding extended input device "VirtualPS/2 VMware VMMouse" (type: MOUSE, id 9)
[  2318.495] Information event3  - VirtualPS/2 VMware VMMouse: is tagged by udev as: Mouse
[  2318.495] Information event3  - VirtualPS/2 VMware VMMouse: device is a pointer
[  2318.537] Information config/udev: Adding input device PC Speaker (/dev/input/event5)
[  2318.537] Information No input driver specified, ignoring this device.
[  2318.537] Information This device may have been added with another device file.
[  2318.541] Information config/udev: removing device AT Translated Set 2 keyboard
[  2318.542] Information event1  - AT Translated Set 2 keyboard: device removed
[  2318.560] Information UnloadModule: "libinput"
[  2318.564] Information config/udev: Adding input device AT Translated Set 2 keyboard (/dev/input/event1)
[  2318.564] Information Using input driver 'libinput' for 'AT Translated Set 2 keyboard'
[  2318.571] Information event1  - AT Translated Set 2 keyboard: is tagged by udev as: Keyboard
[  2318.571] Information event1  - AT Translated Set 2 keyboard: device is a keyboard
[  2318.580] Information event1  - AT Translated Set 2 keyboard: device removed
[  2318.580] Information XINPUT: Adding extended input device "AT Translated Set 2 keyboard" (type: KEYBOARD, id 8)
[  2318.589] Information event1  - AT Translated Set 2 keyboard: is tagged by udev as: Keyboard
[  2318.589] Information event1  - AT Translated Set 2 keyboard: device is a keyboard
[  2318.606] Information config/udev: removing device VirtualPS/2 VMware VMMouse
[  2318.610] Information event2  - VirtualPS/2 VMware VMMouse: device removed
[  2318.613] Information UnloadModule: "libinput"
[  2318.614] Information config/udev: Adding input device VirtualPS/2 VMware VMMouse (/dev/input/event2)
[  2318.614] Information Using input driver 'libinput' for 'VirtualPS/2 VMware VMMouse'
[  2318.615] Information event2  - VirtualPS/2 VMware VMMouse: is tagged by udev as: Mouse
[  2318.615] Information event2  - VirtualPS/2 VMware VMMouse: device is a pointer
[  2318.615] Information event2  - VirtualPS/2 VMware VMMouse: device removed
[  2318.615] Information XINPUT: Adding extended input device "VirtualPS/2 VMware VMMouse" (type: MOUSE, id 10)
[  2318.640] Information event2  - VirtualPS/2 VMware VMMouse: is tagged by udev as: Mouse
[  2318.645] Information event2  - VirtualPS/2 VMware VMMouse: device is a pointer
[  2745.157] Information config/udev: removing device Power Button
[  2745.166] Information event0  - Power Button: device removed
[  2745.187] Information UnloadModule: "libinput"
[  2745.197] Information config/udev: Adding input device Power Button (/dev/input/event0)
[  2745.197] Information Using input driver 'libinput' for 'Power Button'
[  2745.265] Information event0  - Power Button: is tagged by udev as: Keyboard
[  2745.265] Information event0  - Power Button: device is a keyboard
[  2745.265] Information event0  - Power Button: device removed
[  2745.265] Information XINPUT: Adding extended input device "Power Button" (type: KEYBOARD, id 6)
[  2745.328] Information event0  - Power Button: is tagged by udev as: Keyboard
[  2745.328] Information event0  - Power Button: device is a keyboard
[  2746.589] Information config/udev: Adding input device VMware VMware Virtual USB Mouse (/dev/input/mouse2)
[  2746.589] Information No input driver specified, ignoring this device.
[  2746.589] Information This device may have been added with another device file.
[  2747.264] Information config/udev: removing device VMware VMware Virtual USB Mouse
[  2747.295] Information event4  - VMware VMware Virtual USB Mouse: device removed
[  2748.049] Information UnloadModule: "libinput"
[  2748.053] Information config/udev: Adding input device VMware VMware Virtual USB Mouse (/dev/input/event4)
[  2748.053] Information Using input driver 'libinput' for 'VMware VMware Virtual USB Mouse'
[  2748.222] Information event4  - VMware VMware Virtual USB Mouse: is tagged by udev as: Mouse
[  2748.222] Information event4  - VMware VMware Virtual USB Mouse: device is a pointer
[  2748.222] Information event4  - VMware VMware Virtual USB Mouse: device removed
[  2749.049] Information XINPUT: Adding extended input device "VMware VMware Virtual USB Mouse" (type: MOUSE, id 7)
[  2749.114] Information event4  - VMware VMware Virtual USB Mouse: is tagged by udev as: Mouse
[  2749.114] Information event4  - VMware VMware Virtual USB Mouse: device is a pointer
[  2749.151] Information config/udev: Adding input device VirtualPS/2 VMware VMMouse (/dev/input/mouse1)
[  2749.151] Information No input driver specified, ignoring this device.
[  2749.157] Information This device may have been added with another device file.
[  2749.161] Information config/udev: Adding input device VirtualPS/2 VMware VMMouse (/dev/input/mouse0)
[  2749.161] Information No input driver specified, ignoring this device.
[  2749.161] Information This device may have been added with another device file.
[  2749.168] Information config/udev: removing device VirtualPS/2 VMware VMMouse
[  2749.171] Information event3  - VirtualPS/2 VMware VMMouse: device removed
[  2749.183] Information UnloadModule: "libinput"
[  2749.201] Information config/udev: Adding input device VirtualPS/2 VMware VMMouse (/dev/input/event3)
[  2749.201] Information Using input driver 'libinput' for 'VirtualPS/2 VMware VMMouse'
[  2749.262] Information event3  - VirtualPS/2 VMware VMMouse: is tagged by udev as: Mouse
[  2749.262] Information event3  - VirtualPS/2 VMware VMMouse: device is a pointer
[  2749.263] Information event3  - VirtualPS/2 VMware VMMouse: device removed
[  2749.263] Information XINPUT: Adding extended input device "VirtualPS/2 VMware VMMouse" (type: MOUSE, id 9)
[  2749.349] Information event3  - VirtualPS/2 VMware VMMouse: is tagged by udev as: Mouse
[  2749.349] Information event3  - VirtualPS/2 VMware VMMouse: device is a pointer
[  2749.365] Information config/udev: Adding input device PC Speaker (/dev/input/event5)
[  2749.365] Information No input driver specified, ignoring this device.
[  2749.365] Information This device may have been added with another device file.
[  2749.379] Information config/udev: removing device AT Translated Set 2 keyboard
[  2749.380] Information event1  - AT Translated Set 2 keyboard: device removed
[  2749.387] Information UnloadModule: "libinput"
[  2749.405] Information config/udev: Adding input device AT Translated Set 2 keyboard (/dev/input/event1)
[  2749.405] Information Using input driver 'libinput' for 'AT Translated Set 2 keyboard'
[  2749.452] Information event1  - AT Translated Set 2 keyboard: is tagged by udev as: Keyboard
[  2749.452] Information event1  - AT Translated Set 2 keyboard: device is a keyboard
[  2749.453] Information event1  - AT Translated Set 2 keyboard: device removed
[  2749.453] Information XINPUT: Adding extended input device "AT Translated Set 2 keyboard" (type: KEYBOARD, id 8)
[  2749.490] Information event1  - AT Translated Set 2 keyboard: is tagged by udev as: Keyboard
[  2749.490] Information event1  - AT Translated Set 2 keyboard: device is a keyboard
[  2749.535] Information config/udev: removing device VirtualPS/2 VMware VMMouse
[  2749.535] Information event2  - VirtualPS/2 VMware VMMouse: device removed
[  2749.542] Information UnloadModule: "libinput"
[  2749.553] Information config/udev: Adding input device VirtualPS/2 VMware VMMouse (/dev/input/event2)
[  2749.553] Information Using input driver 'libinput' for 'VirtualPS/2 VMware VMMouse'
[  2749.561] Information event2  - VirtualPS/2 VMware VMMouse: is tagged by udev as: Mouse
[  2749.566] Information event2  - VirtualPS/2 VMware VMMouse: device is a pointer
[  2749.566] Information event2  - VirtualPS/2 VMware VMMouse: device removed
[  2749.566] Information XINPUT: Adding extended input device "VirtualPS/2 VMware VMMouse" (type: MOUSE, id 10)
[  2749.579] Information event2  - VirtualPS/2 VMware VMMouse: is tagged by udev as: Mouse
[  2749.579] Information event2  - VirtualPS/2 VMware VMMouse: device is a pointer
