Elrond@Wunder-Nett.org
accv@accv.es
and1000@debian.org
ben.howard@canonical.com
biebl@debian.org
brian@canonical.com
cdimage@ubuntu.com
christian@iwakd.de
debian-x@lists.debian.org
e2scrub@host.domain.name
ec_acc@catcert.net
ftpmaster@ubuntu.com
gunnarhj@ubuntu.com
hmh@rcm.org.br
info@e-szigno.hu
info@izenpe.com
intrigeri@boum.org
jamie@canonical.com
jtang@tresys.com
kees@ubuntu.com
kirkland@byobu.org
kirkland@canonical.com
license@farsiweb.info
miquels@cistron.nl
rleigh@debian.org
rmurray@debian.org
scott.moser@ubuntu.com
sjoerd@debian.org
sshd-keygen@.servic
steve.beattie@canonical.com
steve.langasek@canonical.com
support@sublimetext.com
tytso@mit.edu
umac-64@openssh.com
user@example.com
username@site.domain
walters@debian.org
